11:13:04 **** Build of configuration Debug for project eda_segundo ****
make all 
Building file: ../main.cpp
Invoking: GCC C++ Compiler
g++ -O0 -g3 -Wall -c -fmessage-length=0 -MMD -MP -MF"main.d" -MT"main.d" -o "main.o" "../main.cpp"
Finished building: ../main.cpp
 
Building target: eda_segundo
Invoking: GCC C++ Linker
g++  -o "eda_segundo"  ./main.o   
Finished building target: eda_segundo
 
11:13:06 **** Incremental Build of configuration Debug for project eda_segundo ****
make all 
make: No se hace nada para `all'.
11:13:44 **** Incremental Build of configuration Debug for project eda_segundo ****
make all 
Building file: ../main.cpp
Invoking: GCC C++ Compiler
g++ -O0 -g3 -Wall -c -fmessage-length=0 -MMD -MP -MF"main.d" -MT"main.d" -o "main.o" "../main.cpp"
Finished building: ../main.cpp
 
Building target: eda_segundo
Invoking: GCC C++ Linker
g++  -o "eda_segundo"  ./main.o   
Finished building target: eda_segundo
 
11:13:53 **** Incremental Build of configuration Debug for project eda_segundo ****
make all 
make: No se hace nada para `all'.
11:14:19 **** Incremental Build of configuration Debug for project eda_segundo ****
make all 
Building file: ../main.cpp
Invoking: GCC C++ Compiler
g++ -O0 -g3 -Wall -c -fmessage-length=0 -MMD -MP -MF"main.d" -MT"main.d" -o "main.o" "../main.cpp"
Finished building: ../main.cpp
 
Building target: eda_segundo
Invoking: GCC C++ Linker
g++  -o "eda_segundo"  ./main.o   
Finished building target: eda_segundo
 
11:14:48 **** Incremental Build of configuration Debug for project eda_segundo ****
make all 
Building file: ../main.cpp
Invoking: GCC C++ Compiler
g++ -O0 -g3 -Wall -c -fmessage-length=0 -MMD -MP -MF"main.d" -MT"main.d" -o "main.o" "../main.cpp"
Finished building: ../main.cpp
 
Building target: eda_segundo
Invoking: GCC C++ Linker
g++  -o "eda_segundo"  ./main.o   
Finished building target: eda_segundo
 
11:16:26 **** Incremental Build of configuration Debug for project eda_segundo ****
make all 
Building file: ../main.cpp
Invoking: GCC C++ Compiler
g++ -O0 -g3 -Wall -c -fmessage-length=0 -MMD -MP -MF"main.d" -MT"main.d" -o "main.o" "../main.cpp"
Finished building: ../main.cpp
 
Building target: eda_segundo
Invoking: GCC C++ Linker
g++  -o "eda_segundo"  ./main.o   
Finished building target: eda_segundo
 
11:16:47 **** Incremental Build of configuration Debug for project eda_segundo ****
make all 
Building file: ../main.cpp
Invoking: GCC C++ Compiler
g++ -O0 -g3 -Wall -c -fmessage-length=0 -MMD -MP -MF"main.d" -MT"main.d" -o "main.o" "../main.cpp"
Finished building: ../main.cpp
 
Building target: eda_segundo
Invoking: GCC C++ Linker
g++  -o "eda_segundo"  ./main.o   
Finished building target: eda_segundo
 
11:17:43 **** Incremental Build of configuration Debug for project eda_segundo ****
make all 
Building file: ../main.cpp
Invoking: GCC C++ Compiler
g++ -O0 -g3 -Wall -c -fmessage-length=0 -MMD -MP -MF"main.d" -MT"main.d" -o "main.o" "../main.cpp"
../main.cpp: In function ‘int main()’:
../main.cpp:265:7: warning: unused variable ‘tam’ [-Wunused-variable]
Finished building: ../main.cpp
 
Building target: eda_segundo
Invoking: GCC C++ Linker
g++  -o "eda_segundo"  ./main.o   
Finished building target: eda_segundo
 
11:18:13 **** Incremental Build of configuration Debug for project eda_segundo ****
make all 
make: No se hace nada para `all'.
11:19:39 **** Incremental Build of configuration Debug for project eda_segundo ****
make all 
Building file: ../main.cpp
Invoking: GCC C++ Compiler
g++ -O0 -g3 -Wall -c -fmessage-length=0 -MMD -MP -MF"main.d" -MT"main.d" -o "main.o" "../main.cpp"
../main.cpp: In function ‘int main()’:
../main.cpp:261:7: warning: unused variable ‘seguir’ [-Wunused-variable]
Finished building: ../main.cpp
 
Building target: eda_segundo
Invoking: GCC C++ Linker
g++  -o "eda_segundo"  ./main.o   
Finished building target: eda_segundo
 
11:24:48 **** Incremental Build of configuration Debug for project eda_segundo ****
make all 
Building file: ../main.cpp
Invoking: GCC C++ Compiler
g++ -O0 -g3 -Wall -c -fmessage-length=0 -MMD -MP -MF"main.d" -MT"main.d" -o "main.o" "../main.cpp"
../main.cpp: In function ‘int exitos(std::string&)’:
../main.cpp:259:17: error: missing template arguments before ‘unStack’
../main.cpp:259:17: error: expected ‘;’ before ‘unStack’
make: *** [main.o] Error 1
11:25:01 **** Incremental Build of configuration Debug for project eda_segundo ****
make all 
Building file: ../main.cpp
Invoking: GCC C++ Compiler
g++ -O0 -g3 -Wall -c -fmessage-length=0 -MMD -MP -MF"main.d" -MT"main.d" -o "main.o" "../main.cpp"
../main.cpp: In function ‘int exitos(std::string&)’:
../main.cpp:259:17: error: missing template arguments before ‘unStack’
../main.cpp:259:17: error: expected ‘;’ before ‘unStack’
make: *** [main.o] Error 1
11:25:10 **** Incremental Build of configuration Debug for project eda_segundo ****
make all 
Building file: ../main.cpp
Invoking: GCC C++ Compiler
g++ -O0 -g3 -Wall -c -fmessage-length=0 -MMD -MP -MF"main.d" -MT"main.d" -o "main.o" "../main.cpp"
Finished building: ../main.cpp
 
Building target: eda_segundo
Invoking: GCC C++ Linker
g++  -o "eda_segundo"  ./main.o   
Finished building target: eda_segundo
 
11:25:29 **** Incremental Build of configuration Debug for project eda_segundo ****
make all 
Building file: ../main.cpp
Invoking: GCC C++ Compiler
g++ -O0 -g3 -Wall -c -fmessage-length=0 -MMD -MP -MF"main.d" -MT"main.d" -o "main.o" "../main.cpp"
Finished building: ../main.cpp
 
Building target: eda_segundo
Invoking: GCC C++ Linker
g++  -o "eda_segundo"  ./main.o   
Finished building target: eda_segundo
 
11:26:10 **** Incremental Build of configuration Debug for project eda_segundo ****
make all 
Building file: ../main.cpp
Invoking: GCC C++ Compiler
g++ -O0 -g3 -Wall -c -fmessage-length=0 -MMD -MP -MF"main.d" -MT"main.d" -o "main.o" "../main.cpp"
Finished building: ../main.cpp
 
Building target: eda_segundo
Invoking: GCC C++ Linker
g++  -o "eda_segundo"  ./main.o   
Finished building target: eda_segundo
 
11:26:20 **** Incremental Build of configuration Debug for project eda_segundo ****
make all 
Building file: ../main.cpp
Invoking: GCC C++ Compiler
g++ -O0 -g3 -Wall -c -fmessage-length=0 -MMD -MP -MF"main.d" -MT"main.d" -o "main.o" "../main.cpp"
Finished building: ../main.cpp
 
Building target: eda_segundo
Invoking: GCC C++ Linker
g++  -o "eda_segundo"  ./main.o   
Finished building target: eda_segundo
 
11:27:20 **** Incremental Build of configuration Debug for project eda_segundo ****
make all 
Building file: ../main.cpp
Invoking: GCC C++ Compiler
g++ -O0 -g3 -Wall -c -fmessage-length=0 -MMD -MP -MF"main.d" -MT"main.d" -o "main.o" "../main.cpp"
Finished building: ../main.cpp
 
Building target: eda_segundo
Invoking: GCC C++ Linker
g++  -o "eda_segundo"  ./main.o   
Finished building target: eda_segundo
 
11:27:25 **** Incremental Build of configuration Debug for project eda_segundo ****
make all 
make: No se hace nada para `all'.
11:32:53 **** Incremental Build of configuration Debug for project eda_segundo ****
make all 
make: No se hace nada para `all'.
12:03:01 **** Incremental Build of configuration Debug for project eda_segundo ****
make all 
Building file: ../main.cpp
Invoking: GCC C++ Compiler
g++ -O0 -g3 -Wall -c -fmessage-length=0 -MMD -MP -MF"main.d" -MT"main.d" -o "main.o" "../main.cpp"
../main.cpp: In function ‘bool esHommbre(char)’:
../main.cpp:257:13: warning: comparison with string literal results in unspecified behaviour [-Waddress]
../main.cpp:257:13: error: ISO C++ forbids comparison between pointer and integer [-fpermissive]
../main.cpp:257:23: warning: comparison with string literal results in unspecified behaviour [-Waddress]
../main.cpp:257:23: error: ISO C++ forbids comparison between pointer and integer [-fpermissive]
../main.cpp: In function ‘bool esMujer(char)’:
../main.cpp:262:13: warning: comparison with string literal results in unspecified behaviour [-Waddress]
../main.cpp:262:13: error: ISO C++ forbids comparison between pointer and integer [-fpermissive]
../main.cpp:262:23: warning: comparison with string literal results in unspecified behaviour [-Waddress]
../main.cpp:262:23: error: ISO C++ forbids comparison between pointer and integer [-fpermissive]
../main.cpp: In function ‘int exitos(std::string&)’:
../main.cpp:270:14: error: invalid conversion from ‘const char*’ to ‘char’ [-fpermissive]
../main.cpp:279:1: error: expected ‘,’ or ‘;’ before ‘switch’
../main.cpp:268:5: warning: unused variable ‘acum’ [-Wunused-variable]
../main.cpp:269:6: warning: unused variable ‘seguir’ [-Wunused-variable]
../main.cpp:278:6: warning: unused variable ‘cima’ [-Wunused-variable]
../main.cpp:315:1: error: expected ‘}’ at end of input
../main.cpp:315:1: warning: no return statement in function returning non-void [-Wreturn-type]
make: *** [main.o] Error 1
12:03:15 **** Incremental Build of configuration Debug for project eda_segundo ****
make all 
Building file: ../main.cpp
Invoking: GCC C++ Compiler
g++ -O0 -g3 -Wall -c -fmessage-length=0 -MMD -MP -MF"main.d" -MT"main.d" -o "main.o" "../main.cpp"
../main.cpp: In function ‘bool esHombre(char)’:
../main.cpp:257:13: warning: comparison with string literal results in unspecified behaviour [-Waddress]
../main.cpp:257:13: error: ISO C++ forbids comparison between pointer and integer [-fpermissive]
../main.cpp:257:23: warning: comparison with string literal results in unspecified behaviour [-Waddress]
../main.cpp:257:23: error: ISO C++ forbids comparison between pointer and integer [-fpermissive]
../main.cpp: In function ‘bool esMujer(char)’:
../main.cpp:262:13: warning: comparison with string literal results in unspecified behaviour [-Waddress]
../main.cpp:262:13: error: ISO C++ forbids comparison between pointer and integer [-fpermissive]
../main.cpp:262:23: warning: comparison with string literal results in unspecified behaviour [-Waddress]
../main.cpp:262:23: error: ISO C++ forbids comparison between pointer and integer [-fpermissive]
../main.cpp: In function ‘int exitos(std::string&)’:
../main.cpp:270:14: error: invalid conversion from ‘const char*’ to ‘char’ [-fpermissive]
../main.cpp:279:1: error: expected ‘,’ or ‘;’ before ‘switch’
../main.cpp:268:5: warning: unused variable ‘acum’ [-Wunused-variable]
../main.cpp:269:6: warning: unused variable ‘seguir’ [-Wunused-variable]
../main.cpp:278:6: warning: unused variable ‘cima’ [-Wunused-variable]
../main.cpp:315:1: error: expected ‘}’ at end of input
../main.cpp:315:1: warning: no return statement in function returning non-void [-Wreturn-type]
make: *** [main.o] Error 1
12:03:53 **** Incremental Build of configuration Debug for project eda_segundo ****
make all 
Building file: ../main.cpp
Invoking: GCC C++ Compiler
g++ -O0 -g3 -Wall -c -fmessage-length=0 -MMD -MP -MF"main.d" -MT"main.d" -o "main.o" "../main.cpp"
../main.cpp: In function ‘int exitos(std::string&)’:
../main.cpp:270:14: error: invalid conversion from ‘const char*’ to ‘char’ [-fpermissive]
../main.cpp:279:1: error: expected ‘,’ or ‘;’ before ‘switch’
../main.cpp:268:5: warning: unused variable ‘acum’ [-Wunused-variable]
../main.cpp:269:6: warning: unused variable ‘seguir’ [-Wunused-variable]
../main.cpp:278:6: warning: unused variable ‘cima’ [-Wunused-variable]
../main.cpp:315:1: error: expected ‘}’ at end of input
../main.cpp:315:1: warning: no return statement in function returning non-void [-Wreturn-type]
make: *** [main.o] Error 1
12:04:04 **** Incremental Build of configuration Debug for project eda_segundo ****
make all 
Building file: ../main.cpp
Invoking: GCC C++ Compiler
g++ -O0 -g3 -Wall -c -fmessage-length=0 -MMD -MP -MF"main.d" -MT"main.d" -o "main.o" "../main.cpp"
../main.cpp: In function ‘int exitos(std::string&)’:
../main.cpp:270:14: error: invalid conversion from ‘const char*’ to ‘char’ [-fpermissive]
../main.cpp:269:6: warning: unused variable ‘seguir’ [-Wunused-variable]
../main.cpp:294:1: warning: no return statement in function returning non-void [-Wreturn-type]
../main.cpp: At global scope:
../main.cpp:298:1: error: expected unqualified-id before ‘return’
../main.cpp:299:1: error: expected declaration before ‘}’ token
make: *** [main.o] Error 1
12:04:16 **** Incremental Build of configuration Debug for project eda_segundo ****
make all 
Building file: ../main.cpp
Invoking: GCC C++ Compiler
g++ -O0 -g3 -Wall -c -fmessage-length=0 -MMD -MP -MF"main.d" -MT"main.d" -o "main.o" "../main.cpp"
../main.cpp: In function ‘int exitos(std::string&)’:
../main.cpp:270:14: error: invalid conversion from ‘const char*’ to ‘char’ [-fpermissive]
../main.cpp:269:6: warning: unused variable ‘seguir’ [-Wunused-variable]
make: *** [main.o] Error 1
12:04:25 **** Incremental Build of configuration Debug for project eda_segundo ****
make all 
Building file: ../main.cpp
Invoking: GCC C++ Compiler
g++ -O0 -g3 -Wall -c -fmessage-length=0 -MMD -MP -MF"main.d" -MT"main.d" -o "main.o" "../main.cpp"
../main.cpp:270:14: error: empty character constant
../main.cpp: In function ‘int exitos(std::string&)’:
../main.cpp:269:6: warning: unused variable ‘seguir’ [-Wunused-variable]
make: *** [main.o] Error 1
12:04:40 **** Incremental Build of configuration Debug for project eda_segundo ****
make all 
Building file: ../main.cpp
Invoking: GCC C++ Compiler
g++ -O0 -g3 -Wall -c -fmessage-length=0 -MMD -MP -MF"main.d" -MT"main.d" -o "main.o" "../main.cpp"
../main.cpp: In function ‘int exitos(std::string&)’:
../main.cpp:269:6: warning: unused variable ‘seguir’ [-Wunused-variable]
Finished building: ../main.cpp
 
Building target: eda_segundo
Invoking: GCC C++ Linker
g++  -o "eda_segundo"  ./main.o   
Finished building target: eda_segundo
 
12:04:49 **** Incremental Build of configuration Debug for project eda_segundo ****
make all 
Building file: ../main.cpp
Invoking: GCC C++ Compiler
g++ -O0 -g3 -Wall -c -fmessage-length=0 -MMD -MP -MF"main.d" -MT"main.d" -o "main.o" "../main.cpp"
../main.cpp:270:14: error: empty character constant
../main.cpp: In function ‘int exitos(std::string&)’:
../main.cpp:269:6: warning: unused variable ‘seguir’ [-Wunused-variable]
make: *** [main.o] Error 1
12:04:52 **** Incremental Build of configuration Debug for project eda_segundo ****
make all 
Building file: ../main.cpp
Invoking: GCC C++ Compiler
g++ -O0 -g3 -Wall -c -fmessage-length=0 -MMD -MP -MF"main.d" -MT"main.d" -o "main.o" "../main.cpp"
../main.cpp: In function ‘int exitos(std::string&)’:
../main.cpp:269:6: warning: unused variable ‘seguir’ [-Wunused-variable]
Finished building: ../main.cpp
 
Building target: eda_segundo
Invoking: GCC C++ Linker
g++  -o "eda_segundo"  ./main.o   
Finished building target: eda_segundo
 
12:05:47 **** Incremental Build of configuration Debug for project eda_segundo ****
make all 
Building file: ../main.cpp
Invoking: GCC C++ Compiler
g++ -O0 -g3 -Wall -c -fmessage-length=0 -MMD -MP -MF"main.d" -MT"main.d" -o "main.o" "../main.cpp"
../main.cpp: In function ‘int exitos(std::string&)’:
../main.cpp:269:6: warning: unused variable ‘seguir’ [-Wunused-variable]
Finished building: ../main.cpp
 
Building target: eda_segundo
Invoking: GCC C++ Linker
g++  -o "eda_segundo"  ./main.o   
Finished building target: eda_segundo
 
12:06:51 **** Incremental Build of configuration Debug for project eda_segundo ****
make all 
Building file: ../main.cpp
Invoking: GCC C++ Compiler
g++ -O0 -g3 -Wall -c -fmessage-length=0 -MMD -MP -MF"main.d" -MT"main.d" -o "main.o" "../main.cpp"
Finished building: ../main.cpp
 
Building target: eda_segundo
Invoking: GCC C++ Linker
g++  -o "eda_segundo"  ./main.o   
Finished building target: eda_segundo
 
12:10:47 **** Incremental Build of configuration Debug for project eda_segundo ****
make all 
Building file: ../main.cpp
Invoking: GCC C++ Compiler
g++ -O0 -g3 -Wall -c -fmessage-length=0 -MMD -MP -MF"main.d" -MT"main.d" -o "main.o" "../main.cpp"
Finished building: ../main.cpp
 
Building target: eda_segundo
Invoking: GCC C++ Linker
g++  -o "eda_segundo"  ./main.o   
Finished building target: eda_segundo
 
12:13:01 **** Incremental Build of configuration Debug for project eda_segundo ****
make all 
Building file: ../main.cpp
Invoking: GCC C++ Compiler
g++ -O0 -g3 -Wall -c -fmessage-length=0 -MMD -MP -MF"main.d" -MT"main.d" -o "main.o" "../main.cpp"
Finished building: ../main.cpp
 
Building target: eda_segundo
Invoking: GCC C++ Linker
g++  -o "eda_segundo"  ./main.o   
Finished building target: eda_segundo
 
12:13:26 **** Incremental Build of configuration Debug for project eda_segundo ****
make all 
make: No se hace nada para `all'.
12:13:35 **** Incremental Build of configuration Debug for project eda_segundo ****
make all 
make: No se hace nada para `all'.
12:15:50 **** Incremental Build of configuration Debug for project eda_segundo ****
make all 
Building file: ../main.cpp
Invoking: GCC C++ Compiler
g++ -O0 -g3 -Wall -c -fmessage-length=0 -MMD -MP -MF"main.d" -MT"main.d" -o "main.o" "../main.cpp"
Finished building: ../main.cpp
 
Building target: eda_segundo
Invoking: GCC C++ Linker
g++  -o "eda_segundo"  ./main.o   
Finished building target: eda_segundo
 
12:16:27 **** Incremental Build of configuration Debug for project eda_segundo ****
make all 
make: No se hace nada para `all'.
12:20:40 **** Incremental Build of configuration Debug for project eda_segundo ****
make all 
Building file: ../main.cpp
Invoking: GCC C++ Compiler
g++ -O0 -g3 -Wall -c -fmessage-length=0 -MMD -MP -MF"main.d" -MT"main.d" -o "main.o" "../main.cpp"
Finished building: ../main.cpp
 
Building target: eda_segundo
Invoking: GCC C++ Linker
g++  -o "eda_segundo"  ./main.o   
Finished building target: eda_segundo
 
12:20:43 **** Incremental Build of configuration Debug for project eda_segundo ****
make all 
make: No se hace nada para `all'.
12:23:21 **** Incremental Build of configuration Debug for project eda_segundo ****
make all 
Building file: ../main.cpp
Invoking: GCC C++ Compiler
g++ -O0 -g3 -Wall -c -fmessage-length=0 -MMD -MP -MF"main.d" -MT"main.d" -o "main.o" "../main.cpp"
../main.cpp: In function ‘int exitos(std::string&)’:
../main.cpp:334:3: error: expected ‘)’ before ‘{’ token
make: *** [main.o] Error 1
12:23:51 **** Incremental Build of configuration Debug for project eda_segundo ****
make all 
Building file: ../main.cpp
Invoking: GCC C++ Compiler
g++ -O0 -g3 -Wall -c -fmessage-length=0 -MMD -MP -MF"main.d" -MT"main.d" -o "main.o" "../main.cpp"
Finished building: ../main.cpp
 
Building target: eda_segundo
Invoking: GCC C++ Linker
g++  -o "eda_segundo"  ./main.o   
Finished building target: eda_segundo
 
12:23:54 **** Incremental Build of configuration Debug for project eda_segundo ****
make all 
make: No se hace nada para `all'.
12:28:07 **** Incremental Build of configuration Debug for project eda_segundo ****
make all 
Building file: ../main.cpp
Invoking: GCC C++ Compiler
g++ -O0 -g3 -Wall -c -fmessage-length=0 -MMD -MP -MF"main.d" -MT"main.d" -o "main.o" "../main.cpp"
Finished building: ../main.cpp
 
Building target: eda_segundo
Invoking: GCC C++ Linker
g++  -o "eda_segundo"  ./main.o   
Finished building target: eda_segundo
 
12:28:11 **** Incremental Build of configuration Debug for project eda_segundo ****
make all 
make: No se hace nada para `all'.
12:29:53 **** Incremental Build of configuration Debug for project eda_segundo ****
make all 
Building file: ../main.cpp
Invoking: GCC C++ Compiler
g++ -O0 -g3 -Wall -c -fmessage-length=0 -MMD -MP -MF"main.d" -MT"main.d" -o "main.o" "../main.cpp"
Finished building: ../main.cpp
 
Building target: eda_segundo
Invoking: GCC C++ Linker
g++  -o "eda_segundo"  ./main.o   
Finished building target: eda_segundo
 
12:32:59 **** Incremental Build of configuration Debug for project eda_segundo ****
make all 
Building file: ../main.cpp
Invoking: GCC C++ Compiler
g++ -O0 -g3 -Wall -c -fmessage-length=0 -MMD -MP -MF"main.d" -MT"main.d" -o "main.o" "../main.cpp"
Finished building: ../main.cpp
 
Building target: eda_segundo
Invoking: GCC C++ Linker
g++  -o "eda_segundo"  ./main.o   
Finished building target: eda_segundo
 
12:34:02 **** Incremental Build of configuration Debug for project eda_segundo ****
make all 
make: No se hace nada para `all'.
12:34:43 **** Incremental Build of configuration Debug for project eda_segundo ****
make all 
make: No se hace nada para `all'.
12:38:51 **** Incremental Build of configuration Debug for project eda_segundo ****
make all 
Building file: ../main.cpp
Invoking: GCC C++ Compiler
g++ -O0 -g3 -Wall -c -fmessage-length=0 -MMD -MP -MF"main.d" -MT"main.d" -o "main.o" "../main.cpp"
Finished building: ../main.cpp
 
Building target: eda_segundo
Invoking: GCC C++ Linker
g++  -o "eda_segundo"  ./main.o   
Finished building target: eda_segundo
 
12:40:17 **** Incremental Build of configuration Debug for project eda_segundo ****
make all 
make: No se hace nada para `all'.
12:42:15 **** Incremental Build of configuration Debug for project eda_segundo ****
make all 
Building file: ../main.cpp
Invoking: GCC C++ Compiler
g++ -O0 -g3 -Wall -c -fmessage-length=0 -MMD -MP -MF"main.d" -MT"main.d" -o "main.o" "../main.cpp"
../main.cpp: In function ‘int main()’:
../main.cpp:364:3: error: expected ‘;’ before ‘if’
make: *** [main.o] Error 1
12:42:25 **** Incremental Build of configuration Debug for project eda_segundo ****
make all 
Building file: ../main.cpp
Invoking: GCC C++ Compiler
g++ -O0 -g3 -Wall -c -fmessage-length=0 -MMD -MP -MF"main.d" -MT"main.d" -o "main.o" "../main.cpp"
Finished building: ../main.cpp
 
Building target: eda_segundo
Invoking: GCC C++ Linker
g++  -o "eda_segundo"  ./main.o   
Finished building target: eda_segundo
 
12:43:44 **** Incremental Build of configuration Debug for project eda_segundo ****
make all 
make: No se hace nada para `all'.
12:44:02 **** Incremental Build of configuration Debug for project eda_segundo ****
make all 
make: No se hace nada para `all'.
12:44:45 **** Incremental Build of configuration Debug for project eda_segundo ****
make all 
make: No se hace nada para `all'.
12:45:52 **** Incremental Build of configuration Debug for project eda_segundo ****
make all 
Building file: ../main.cpp
Invoking: GCC C++ Compiler
g++ -O0 -g3 -Wall -c -fmessage-length=0 -MMD -MP -MF"main.d" -MT"main.d" -o "main.o" "../main.cpp"
../main.cpp: In function ‘int main()’:
../main.cpp:359:26: error: expected ‘)’ before ‘;’ token
../main.cpp:359:27: error: expected primary-expression before ‘)’ token
../main.cpp:359:27: error: expected ‘;’ before ‘)’ token
make: *** [main.o] Error 1
12:46:02 **** Incremental Build of configuration Debug for project eda_segundo ****
make all 
Building file: ../main.cpp
Invoking: GCC C++ Compiler
g++ -O0 -g3 -Wall -c -fmessage-length=0 -MMD -MP -MF"main.d" -MT"main.d" -o "main.o" "../main.cpp"
Finished building: ../main.cpp
 
Building target: eda_segundo
Invoking: GCC C++ Linker
g++  -o "eda_segundo"  ./main.o   
Finished building target: eda_segundo
 
12:46:05 **** Incremental Build of configuration Debug for project eda_segundo ****
make all 
make: No se hace nada para `all'.
12:47:13 **** Incremental Build of configuration Debug for project eda_segundo ****
make all 
Building file: ../main.cpp
Invoking: GCC C++ Compiler
g++ -O0 -g3 -Wall -c -fmessage-length=0 -MMD -MP -MF"main.d" -MT"main.d" -o "main.o" "../main.cpp"
../main.cpp: In function ‘int exitos(std::string&)’:
../main.cpp:344:1: error: expected ‘}’ before ‘else’
../main.cpp: At global scope:
../main.cpp:353:1: error: expected unqualified-id before ‘return’
../main.cpp:354:1: error: expected declaration before ‘}’ token
../main.cpp: In function ‘int exitos(std::string&)’:
../main.cpp:347:1: warning: control reaches end of non-void function [-Wreturn-type]
make: *** [main.o] Error 1
12:47:16 **** Incremental Build of configuration Debug for project eda_segundo ****
make all 
Building file: ../main.cpp
Invoking: GCC C++ Compiler
g++ -O0 -g3 -Wall -c -fmessage-length=0 -MMD -MP -MF"main.d" -MT"main.d" -o "main.o" "../main.cpp"
Finished building: ../main.cpp
 
Building target: eda_segundo
Invoking: GCC C++ Linker
g++  -o "eda_segundo"  ./main.o   
Finished building target: eda_segundo
 
12:47:19 **** Incremental Build of configuration Debug for project eda_segundo ****
make all 
make: No se hace nada para `all'.
12:49:05 **** Incremental Build of configuration Debug for project eda_segundo ****
make all 
make: No se hace nada para `all'.
12:49:19 **** Incremental Build of configuration Debug for project eda_segundo ****
make all 
make: No se hace nada para `all'.
12:51:33 **** Incremental Build of configuration Debug for project eda_segundo ****
make all 
make: No se hace nada para `all'.
12:57:17 **** Incremental Build of configuration Debug for project eda_segundo ****
make all 
Building file: ../main.cpp
Invoking: GCC C++ Compiler
g++ -O0 -g3 -Wall -c -fmessage-length=0 -MMD -MP -MF"main.d" -MT"main.d" -o "main.o" "../main.cpp"
Finished building: ../main.cpp
 
Building target: eda_segundo
Invoking: GCC C++ Linker
g++  -o "eda_segundo"  ./main.o   
Finished building target: eda_segundo
 
12:57:30 **** Incremental Build of configuration Debug for project eda_segundo ****
make all 
make: No se hace nada para `all'.
12:57:52 **** Incremental Build of configuration Debug for project eda_segundo ****
make all 
make: No se hace nada para `all'.
12:58:11 **** Incremental Build of configuration Debug for project eda_segundo ****
make all 
make: No se hace nada para `all'.
13:01:12 **** Incremental Build of configuration Debug for project eda_segundo ****
make all 
Building file: ../main.cpp
Invoking: GCC C++ Compiler
g++ -O0 -g3 -Wall -c -fmessage-length=0 -MMD -MP -MF"main.d" -MT"main.d" -o "main.o" "../main.cpp"
../main.cpp: In function ‘int exitos(std::string&)’:
../main.cpp:332:74: warning: suggest parentheses around ‘&&’ within ‘||’ [-Wparentheses]
../main.cpp:333:1: error: expected ‘)’ before ‘cima’
make: *** [main.o] Error 1
13:01:17 **** Incremental Build of configuration Debug for project eda_segundo ****
make all 
Building file: ../main.cpp
Invoking: GCC C++ Compiler
g++ -O0 -g3 -Wall -c -fmessage-length=0 -MMD -MP -MF"main.d" -MT"main.d" -o "main.o" "../main.cpp"
../main.cpp: In function ‘int exitos(std::string&)’:
../main.cpp:332:74: warning: suggest parentheses around ‘&&’ within ‘||’ [-Wparentheses]
../main.cpp:333:1: error: expected ‘)’ before ‘cima’
make: *** [main.o] Error 1
13:01:43 **** Incremental Build of configuration Debug for project eda_segundo ****
make all 
Building file: ../main.cpp
Invoking: GCC C++ Compiler
g++ -O0 -g3 -Wall -c -fmessage-length=0 -MMD -MP -MF"main.d" -MT"main.d" -o "main.o" "../main.cpp"
../main.cpp: In function ‘int exitos(std::string&)’:
../main.cpp:332:73: warning: suggest parentheses around ‘&&’ within ‘||’ [-Wparentheses]
../main.cpp:361:1: error: a function-definition is not allowed here before ‘{’ token
../main.cpp:375:1: error: expected ‘}’ at end of input
../main.cpp:375:1: warning: control reaches end of non-void function [-Wreturn-type]
make: *** [main.o] Error 1
13:01:58 **** Incremental Build of configuration Debug for project eda_segundo ****
make all 
Building file: ../main.cpp
Invoking: GCC C++ Compiler
g++ -O0 -g3 -Wall -c -fmessage-length=0 -MMD -MP -MF"main.d" -MT"main.d" -o "main.o" "../main.cpp"
../main.cpp: In function ‘int exitos(std::string&)’:
../main.cpp:332:72: warning: suggest parentheses around ‘&&’ within ‘||’ [-Wparentheses]
../main.cpp:361:1: error: a function-definition is not allowed here before ‘{’ token
../main.cpp:375:1: error: expected ‘}’ at end of input
../main.cpp:375:1: warning: control reaches end of non-void function [-Wreturn-type]
make: *** [main.o] Error 1
13:02:21 **** Incremental Build of configuration Debug for project eda_segundo ****
make all 
Building file: ../main.cpp
Invoking: GCC C++ Compiler
g++ -O0 -g3 -Wall -c -fmessage-length=0 -MMD -MP -MF"main.d" -MT"main.d" -o "main.o" "../main.cpp"
../main.cpp: In function ‘int exitos(std::string&)’:
../main.cpp:332:9: error: expected primary-expression before ‘)’ token
../main.cpp:332:10: error: expected ‘)’ before ‘!’ token
../main.cpp:332:43: error: expected ‘;’ before ‘)’ token
../main.cpp:361:1: error: a function-definition is not allowed here before ‘{’ token
../main.cpp:375:1: error: expected ‘}’ at end of input
../main.cpp:375:1: warning: control reaches end of non-void function [-Wreturn-type]
make: *** [main.o] Error 1
13:02:37 **** Incremental Build of configuration Debug for project eda_segundo ****
make all 
Building file: ../main.cpp
Invoking: GCC C++ Compiler
g++ -O0 -g3 -Wall -c -fmessage-length=0 -MMD -MP -MF"main.d" -MT"main.d" -o "main.o" "../main.cpp"
../main.cpp: In function ‘int exitos(std::string&)’:
../main.cpp:332:48: error: expected primary-expression before ‘)’ token
../main.cpp:332:49: error: expected ‘)’ before ‘!’ token
../main.cpp:332:65: error: expected ‘;’ before ‘)’ token
../main.cpp:361:1: error: a function-definition is not allowed here before ‘{’ token
../main.cpp:375:1: error: expected ‘}’ at end of input
../main.cpp:375:1: warning: control reaches end of non-void function [-Wreturn-type]
make: *** [main.o] Error 1
13:03:13 **** Incremental Build of configuration Debug for project eda_segundo ****
make all 
Building file: ../main.cpp
Invoking: GCC C++ Compiler
g++ -O0 -g3 -Wall -c -fmessage-length=0 -MMD -MP -MF"main.d" -MT"main.d" -o "main.o" "../main.cpp"
../main.cpp: In function ‘int exitos(std::string&)’:
../main.cpp:361:1: error: a function-definition is not allowed here before ‘{’ token
../main.cpp:375:1: error: expected ‘}’ at end of input
../main.cpp:375:1: warning: control reaches end of non-void function [-Wreturn-type]
make: *** [main.o] Error 1
13:03:38 **** Incremental Build of configuration Debug for project eda_segundo ****
make all 
Building file: ../main.cpp
Invoking: GCC C++ Compiler
g++ -O0 -g3 -Wall -c -fmessage-length=0 -MMD -MP -MF"main.d" -MT"main.d" -o "main.o" "../main.cpp"
Finished building: ../main.cpp
 
Building target: eda_segundo
Invoking: GCC C++ Linker
g++  -o "eda_segundo"  ./main.o   
Finished building target: eda_segundo
 
13:03:56 **** Incremental Build of configuration Debug for project eda_segundo ****
make all 
make: No se hace nada para `all'.
13:05:06 **** Incremental Build of configuration Debug for project eda_segundo ****
make all 
make: No se hace nada para `all'.
13:09:17 **** Incremental Build of configuration Debug for project eda_segundo ****
make all 
Building file: ../main.cpp
Invoking: GCC C++ Compiler
g++ -O0 -g3 -Wall -c -fmessage-length=0 -MMD -MP -MF"main.d" -MT"main.d" -o "main.o" "../main.cpp"
../main.cpp:362:1: error: expected unqualified-id before ‘return’
../main.cpp:363:1: error: expected declaration before ‘}’ token
../main.cpp: In function ‘int exitos(std::string&)’:
../main.cpp:356:1: warning: control reaches end of non-void function [-Wreturn-type]
make: *** [main.o] Error 1
13:09:41 **** Incremental Build of configuration Debug for project eda_segundo ****
make all 
Building file: ../main.cpp
Invoking: GCC C++ Compiler
g++ -O0 -g3 -Wall -c -fmessage-length=0 -MMD -MP -MF"main.d" -MT"main.d" -o "main.o" "../main.cpp"
Finished building: ../main.cpp
 
Building target: eda_segundo
Invoking: GCC C++ Linker
g++  -o "eda_segundo"  ./main.o   
Finished building target: eda_segundo
 
13:09:44 **** Incremental Build of configuration Debug for project eda_segundo ****
make all 
make: No se hace nada para `all'.
13:12:34 **** Incremental Build of configuration Debug for project eda_segundo ****
make all 
Building file: ../main.cpp
Invoking: GCC C++ Compiler
g++ -O0 -g3 -Wall -c -fmessage-length=0 -MMD -MP -MF"main.d" -MT"main.d" -o "main.o" "../main.cpp"
Finished building: ../main.cpp
 
Building target: eda_segundo
Invoking: GCC C++ Linker
g++  -o "eda_segundo"  ./main.o   
Finished building target: eda_segundo
 
13:12:45 **** Incremental Build of configuration Debug for project eda_segundo ****
make all 
make: No se hace nada para `all'.
13:13:33 **** Incremental Build of configuration Debug for project eda_segundo ****
make all 
Building file: ../main.cpp
Invoking: GCC C++ Compiler
g++ -O0 -g3 -Wall -c -fmessage-length=0 -MMD -MP -MF"main.d" -MT"main.d" -o "main.o" "../main.cpp"
Finished building: ../main.cpp
 
Building target: eda_segundo
Invoking: GCC C++ Linker
g++  -o "eda_segundo"  ./main.o   
Finished building target: eda_segundo
 
13:13:35 **** Incremental Build of configuration Debug for project eda_segundo ****
make all 
make: No se hace nada para `all'.
13:13:51 **** Incremental Build of configuration Debug for project eda_segundo ****
make all 
make: No se hace nada para `all'.
13:14:38 **** Incremental Build of configuration Debug for project eda_segundo ****
make all 
make: No se hace nada para `all'.
13:15:29 **** Incremental Build of configuration Debug for project eda_segundo ****
make all 
make: No se hace nada para `all'.
13:16:16 **** Incremental Build of configuration Debug for project eda_segundo ****
make all 
make: No se hace nada para `all'.
13:17:35 **** Incremental Build of configuration Debug for project eda_segundo ****
make all 
Building file: ../main.cpp
Invoking: GCC C++ Compiler
g++ -O0 -g3 -Wall -c -fmessage-length=0 -MMD -MP -MF"main.d" -MT"main.d" -o "main.o" "../main.cpp"
Finished building: ../main.cpp
 
Building target: eda_segundo
Invoking: GCC C++ Linker
g++  -o "eda_segundo"  ./main.o   
Finished building target: eda_segundo
 
13:17:54 **** Incremental Build of configuration Debug for project eda_segundo ****
make all 
make: No se hace nada para `all'.
13:19:57 **** Incremental Build of configuration Debug for project eda_segundo ****
make all 
Building file: ../main.cpp
Invoking: GCC C++ Compiler
g++ -O0 -g3 -Wall -c -fmessage-length=0 -MMD -MP -MF"main.d" -MT"main.d" -o "main.o" "../main.cpp"
Finished building: ../main.cpp
 
Building target: eda_segundo
Invoking: GCC C++ Linker
g++  -o "eda_segundo"  ./main.o   
Finished building target: eda_segundo
 
13:20:01 **** Incremental Build of configuration Debug for project eda_segundo ****
make all 
make: No se hace nada para `all'.
13:22:43 **** Incremental Build of configuration Debug for project eda_segundo ****
make all 
Building file: ../main.cpp
Invoking: GCC C++ Compiler
g++ -O0 -g3 -Wall -c -fmessage-length=0 -MMD -MP -MF"main.d" -MT"main.d" -o "main.o" "../main.cpp"
Finished building: ../main.cpp
 
Building target: eda_segundo
Invoking: GCC C++ Linker
g++  -o "eda_segundo"  ./main.o   
Finished building target: eda_segundo
 
13:23:30 **** Incremental Build of configuration Debug for project eda_segundo ****
make all 
make: No se hace nada para `all'.
13:24:41 **** Incremental Build of configuration Debug for project eda_segundo ****
make all 
Building file: ../main.cpp
Invoking: GCC C++ Compiler
g++ -O0 -g3 -Wall -c -fmessage-length=0 -MMD -MP -MF"main.d" -MT"main.d" -o "main.o" "../main.cpp"
Finished building: ../main.cpp
 
Building target: eda_segundo
Invoking: GCC C++ Linker
g++  -o "eda_segundo"  ./main.o   
Finished building target: eda_segundo
 
13:26:48 **** Incremental Build of configuration Debug for project eda_segundo ****
make all 
Building file: ../main.cpp
Invoking: GCC C++ Compiler
g++ -O0 -g3 -Wall -c -fmessage-length=0 -MMD -MP -MF"main.d" -MT"main.d" -o "main.o" "../main.cpp"
Finished building: ../main.cpp
 
Building target: eda_segundo
Invoking: GCC C++ Linker
g++  -o "eda_segundo"  ./main.o   
Finished building target: eda_segundo
 
13:28:23 **** Incremental Build of configuration Debug for project eda_segundo ****
make all 
Building file: ../main.cpp
Invoking: GCC C++ Compiler
g++ -O0 -g3 -Wall -c -fmessage-length=0 -MMD -MP -MF"main.d" -MT"main.d" -o "main.o" "../main.cpp"
../main.cpp: In function ‘int exitos(std::string&)’:
../main.cpp:268:6: warning: variable ‘enc’ set but not used [-Wunused-but-set-variable]
../main.cpp: At global scope:
../main.cpp:374:1: error: expected unqualified-id before ‘return’
../main.cpp:375:1: error: expected declaration before ‘}’ token
../main.cpp: In function ‘int exitos(std::string&)’:
../main.cpp:367:1: warning: control reaches end of non-void function [-Wreturn-type]
make: *** [main.o] Error 1
13:28:27 **** Incremental Build of configuration Debug for project eda_segundo ****
make all 
Building file: ../main.cpp
Invoking: GCC C++ Compiler
g++ -O0 -g3 -Wall -c -fmessage-length=0 -MMD -MP -MF"main.d" -MT"main.d" -o "main.o" "../main.cpp"
../main.cpp: In function ‘int exitos(std::string&)’:
../main.cpp:268:6: warning: variable ‘enc’ set but not used [-Wunused-but-set-variable]
../main.cpp: At global scope:
../main.cpp:374:1: error: expected unqualified-id before ‘return’
../main.cpp:375:1: error: expected declaration before ‘}’ token
../main.cpp: In function ‘int exitos(std::string&)’:
../main.cpp:367:1: warning: control reaches end of non-void function [-Wreturn-type]
make: *** [main.o] Error 1
13:28:46 **** Incremental Build of configuration Debug for project eda_segundo ****
make all 
Building file: ../main.cpp
Invoking: GCC C++ Compiler
g++ -O0 -g3 -Wall -c -fmessage-length=0 -MMD -MP -MF"main.d" -MT"main.d" -o "main.o" "../main.cpp"
../main.cpp: In function ‘int exitos(std::string&)’:
../main.cpp:268:6: warning: variable ‘enc’ set but not used [-Wunused-but-set-variable]
../main.cpp: At global scope:
../main.cpp:374:1: error: expected unqualified-id before ‘return’
../main.cpp:375:1: error: expected declaration before ‘}’ token
../main.cpp: In function ‘int exitos(std::string&)’:
../main.cpp:367:1: warning: control reaches end of non-void function [-Wreturn-type]
make: *** [main.o] Error 1
13:29:01 **** Incremental Build of configuration Debug for project eda_segundo ****
make all 
Building file: ../main.cpp
Invoking: GCC C++ Compiler
g++ -O0 -g3 -Wall -c -fmessage-length=0 -MMD -MP -MF"main.d" -MT"main.d" -o "main.o" "../main.cpp"
../main.cpp: In function ‘int exitos(std::string&)’:
../main.cpp:268:6: warning: variable ‘enc’ set but not used [-Wunused-but-set-variable]
Finished building: ../main.cpp
 
Building target: eda_segundo
Invoking: GCC C++ Linker
g++  -o "eda_segundo"  ./main.o   
Finished building target: eda_segundo
 
13:29:03 **** Incremental Build of configuration Debug for project eda_segundo ****
make all 
make: No se hace nada para `all'.
13:30:21 **** Incremental Build of configuration Debug for project eda_segundo ****
make all 
Building file: ../main.cpp
Invoking: GCC C++ Compiler
g++ -O0 -g3 -Wall -c -fmessage-length=0 -MMD -MP -MF"main.d" -MT"main.d" -o "main.o" "../main.cpp"
../main.cpp: In function ‘int exitos(std::string&)’:
../main.cpp:268:6: warning: variable ‘enc’ set but not used [-Wunused-but-set-variable]
Finished building: ../main.cpp
 
Building target: eda_segundo
Invoking: GCC C++ Linker
g++  -o "eda_segundo"  ./main.o   
Finished building target: eda_segundo
 
13:30:35 **** Incremental Build of configuration Debug for project eda_segundo ****
make all 
Building file: ../main.cpp
Invoking: GCC C++ Compiler
g++ -O0 -g3 -Wall -c -fmessage-length=0 -MMD -MP -MF"main.d" -MT"main.d" -o "main.o" "../main.cpp"
../main.cpp: In function ‘int exitos(std::string&)’:
../main.cpp:268:6: warning: variable ‘enc’ set but not used [-Wunused-but-set-variable]
Finished building: ../main.cpp
 
Building target: eda_segundo
Invoking: GCC C++ Linker
g++  -o "eda_segundo"  ./main.o   
Finished building target: eda_segundo
 
13:32:31 **** Incremental Build of configuration Debug for project eda_segundo ****
make all 
Building file: ../main.cpp
Invoking: GCC C++ Compiler
g++ -O0 -g3 -Wall -c -fmessage-length=0 -MMD -MP -MF"main.d" -MT"main.d" -o "main.o" "../main.cpp"
../main.cpp: In function ‘int exitos(std::string&)’:
../main.cpp:379:1: error: a function-definition is not allowed here before ‘{’ token
../main.cpp:393:1: error: expected ‘}’ at end of input
../main.cpp:393:1: warning: control reaches end of non-void function [-Wreturn-type]
make: *** [main.o] Error 1
13:32:59 **** Incremental Build of configuration Debug for project eda_segundo ****
make all 
Building file: ../main.cpp
Invoking: GCC C++ Compiler
g++ -O0 -g3 -Wall -c -fmessage-length=0 -MMD -MP -MF"main.d" -MT"main.d" -o "main.o" "../main.cpp"
../main.cpp: In function ‘int exitos(std::string&)’:
../main.cpp:379:1: error: a function-definition is not allowed here before ‘{’ token
../main.cpp:393:1: error: expected ‘}’ at end of input
../main.cpp:393:1: warning: control reaches end of non-void function [-Wreturn-type]
make: *** [main.o] Error 1
13:33:10 **** Incremental Build of configuration Debug for project eda_segundo ****
make all 
Building file: ../main.cpp
Invoking: GCC C++ Compiler
g++ -O0 -g3 -Wall -c -fmessage-length=0 -MMD -MP -MF"main.d" -MT"main.d" -o "main.o" "../main.cpp"
../main.cpp:371:1: error: expected unqualified-id before ‘return’
../main.cpp:372:1: error: expected declaration before ‘}’ token
../main.cpp: In function ‘int exitos(std::string&)’:
../main.cpp:368:1: warning: control reaches end of non-void function [-Wreturn-type]
make: *** [main.o] Error 1
13:33:19 **** Incremental Build of configuration Debug for project eda_segundo ****
make all 
Building file: ../main.cpp
Invoking: GCC C++ Compiler
g++ -O0 -g3 -Wall -c -fmessage-length=0 -MMD -MP -MF"main.d" -MT"main.d" -o "main.o" "../main.cpp"
../main.cpp:371:1: error: expected unqualified-id before ‘return’
../main.cpp:372:1: error: expected declaration before ‘}’ token
../main.cpp: In function ‘int exitos(std::string&)’:
../main.cpp:368:1: warning: control reaches end of non-void function [-Wreturn-type]
make: *** [main.o] Error 1
13:33:24 **** Incremental Build of configuration Debug for project eda_segundo ****
make all 
Building file: ../main.cpp
Invoking: GCC C++ Compiler
g++ -O0 -g3 -Wall -c -fmessage-length=0 -MMD -MP -MF"main.d" -MT"main.d" -o "main.o" "../main.cpp"
Finished building: ../main.cpp
 
Building target: eda_segundo
Invoking: GCC C++ Linker
g++  -o "eda_segundo"  ./main.o   
Finished building target: eda_segundo
 
13:33:27 **** Incremental Build of configuration Debug for project eda_segundo ****
make all 
make: No se hace nada para `all'.
13:34:06 **** Incremental Build of configuration Debug for project eda_segundo ****
make all 
make: No se hace nada para `all'.
13:35:21 **** Incremental Build of configuration Debug for project eda_segundo ****
make all 
Building file: ../main.cpp
Invoking: GCC C++ Compiler
g++ -O0 -g3 -Wall -c -fmessage-length=0 -MMD -MP -MF"main.d" -MT"main.d" -o "main.o" "../main.cpp"
Finished building: ../main.cpp
 
Building target: eda_segundo
Invoking: GCC C++ Linker
g++  -o "eda_segundo"  ./main.o   
Finished building target: eda_segundo
 
13:35:25 **** Incremental Build of configuration Debug for project eda_segundo ****
make all 
make: No se hace nada para `all'.
13:35:46 **** Incremental Build of configuration Debug for project eda_segundo ****
make all 
make: No se hace nada para `all'.
13:36:56 **** Incremental Build of configuration Debug for project eda_segundo ****
make all 
Building file: ../main.cpp
Invoking: GCC C++ Compiler
g++ -O0 -g3 -Wall -c -fmessage-length=0 -MMD -MP -MF"main.d" -MT"main.d" -o "main.o" "../main.cpp"
Finished building: ../main.cpp
 
Building target: eda_segundo
Invoking: GCC C++ Linker
g++  -o "eda_segundo"  ./main.o   
Finished building target: eda_segundo
 
13:37:15 **** Incremental Build of configuration Debug for project eda_segundo ****
make all 
make: No se hace nada para `all'.
13:40:19 **** Incremental Build of configuration Debug for project eda_segundo ****
make all 
make: No se hace nada para `all'.
13:40:32 **** Incremental Build of configuration Debug for project eda_segundo ****
make all 
make: No se hace nada para `all'.
13:41:59 **** Incremental Build of configuration Debug for project eda_segundo ****
make all 
Building file: ../main.cpp
Invoking: GCC C++ Compiler
g++ -O0 -g3 -Wall -c -fmessage-length=0 -MMD -MP -MF"main.d" -MT"main.d" -o "main.o" "../main.cpp"
Finished building: ../main.cpp
 
Building target: eda_segundo
Invoking: GCC C++ Linker
g++  -o "eda_segundo"  ./main.o   
Finished building target: eda_segundo
 
13:42:03 **** Incremental Build of configuration Debug for project eda_segundo ****
make all 
make: No se hace nada para `all'.
13:42:16 **** Incremental Build of configuration Debug for project eda_segundo ****
make all 
make: No se hace nada para `all'.
13:44:38 **** Incremental Build of configuration Debug for project eda_segundo ****
make all 
Building file: ../main.cpp
Invoking: GCC C++ Compiler
g++ -O0 -g3 -Wall -c -fmessage-length=0 -MMD -MP -MF"main.d" -MT"main.d" -o "main.o" "../main.cpp"
Finished building: ../main.cpp
 
Building target: eda_segundo
Invoking: GCC C++ Linker
g++  -o "eda_segundo"  ./main.o   
Finished building target: eda_segundo
 
13:45:51 **** Incremental Build of configuration Debug for project eda_segundo ****
make all 
make: No se hace nada para `all'.
13:48:09 **** Incremental Build of configuration Debug for project eda_segundo ****
make all 
Building file: ../main.cpp
Invoking: GCC C++ Compiler
g++ -O0 -g3 -Wall -c -fmessage-length=0 -MMD -MP -MF"main.d" -MT"main.d" -o "main.o" "../main.cpp"
Finished building: ../main.cpp
 
Building target: eda_segundo
Invoking: GCC C++ Linker
g++  -o "eda_segundo"  ./main.o   
Finished building target: eda_segundo
 
13:50:21 **** Incremental Build of configuration Debug for project eda_segundo ****
make all 
make: No se hace nada para `all'.
13:51:00 **** Incremental Build of configuration Debug for project eda_segundo ****
make all 
make: No se hace nada para `all'.
13:53:02 **** Incremental Build of configuration Debug for project eda_segundo ****
make all 
Building file: ../main.cpp
Invoking: GCC C++ Compiler
g++ -O0 -g3 -Wall -c -fmessage-length=0 -MMD -MP -MF"main.d" -MT"main.d" -o "main.o" "../main.cpp"
Finished building: ../main.cpp
 
Building target: eda_segundo
Invoking: GCC C++ Linker
g++  -o "eda_segundo"  ./main.o   
Finished building target: eda_segundo
 
13:56:23 **** Incremental Build of configuration Debug for project eda_segundo ****
make all 
Building file: ../main.cpp
Invoking: GCC C++ Compiler
g++ -O0 -g3 -Wall -c -fmessage-length=0 -MMD -MP -MF"main.d" -MT"main.d" -o "main.o" "../main.cpp"
Finished building: ../main.cpp
 
Building target: eda_segundo
Invoking: GCC C++ Linker
g++  -o "eda_segundo"  ./main.o   
Finished building target: eda_segundo
 
13:56:36 **** Incremental Build of configuration Debug for project eda_segundo ****
make all 
make: No se hace nada para `all'.
13:58:44 **** Incremental Build of configuration Debug for project eda_segundo ****
make all 
Building file: ../main.cpp
Invoking: GCC C++ Compiler
g++ -O0 -g3 -Wall -c -fmessage-length=0 -MMD -MP -MF"main.d" -MT"main.d" -o "main.o" "../main.cpp"
Finished building: ../main.cpp
 
Building target: eda_segundo
Invoking: GCC C++ Linker
g++  -o "eda_segundo"  ./main.o   
Finished building target: eda_segundo
 
13:59:26 **** Incremental Build of configuration Debug for project eda_segundo ****
make all 
make: No se hace nada para `all'.
14:00:45 **** Incremental Build of configuration Debug for project eda_segundo ****
make all 
make: No se hace nada para `all'.
14:01:00 **** Incremental Build of configuration Debug for project eda_segundo ****
make all 
make: No se hace nada para `all'.
14:03:25 **** Incremental Build of configuration Debug for project eda_segundo ****
make all 
Building file: ../main.cpp
Invoking: GCC C++ Compiler
g++ -O0 -g3 -Wall -c -fmessage-length=0 -MMD -MP -MF"main.d" -MT"main.d" -o "main.o" "../main.cpp"
Finished building: ../main.cpp
 
Building target: eda_segundo
Invoking: GCC C++ Linker
g++  -o "eda_segundo"  ./main.o   
Finished building target: eda_segundo
 
14:03:27 **** Incremental Build of configuration Debug for project eda_segundo ****
make all 
make: No se hace nada para `all'.
14:03:39 **** Incremental Build of configuration Debug for project eda_segundo ****
make all 
make: No se hace nada para `all'.
14:05:01 **** Incremental Build of configuration Debug for project eda_segundo ****
make all 
make: No se hace nada para `all'.
14:05:54 **** Incremental Build of configuration Debug for project eda_segundo ****
make all 
make: No se hace nada para `all'.
14:07:07 **** Incremental Build of configuration Debug for project eda_segundo ****
make all 
make: No se hace nada para `all'.
14:07:26 **** Incremental Build of configuration Debug for project eda_segundo ****
make all 
make: No se hace nada para `all'.
14:07:32 **** Incremental Build of configuration Debug for project eda_segundo ****
make all 
Building file: ../main.cpp
Invoking: GCC C++ Compiler
g++ -O0 -g3 -Wall -c -fmessage-length=0 -MMD -MP -MF"main.d" -MT"main.d" -o "main.o" "../main.cpp"
Finished building: ../main.cpp
 
Building target: eda_segundo
Invoking: GCC C++ Linker
g++  -o "eda_segundo"  ./main.o   
Finished building target: eda_segundo
 
14:11:33 **** Incremental Build of configuration Debug for project eda_segundo ****
make all 
Building file: ../main.cpp
Invoking: GCC C++ Compiler
g++ -O0 -g3 -Wall -c -fmessage-length=0 -MMD -MP -MF"main.d" -MT"main.d" -o "main.o" "../main.cpp"
Finished building: ../main.cpp
 
Building target: eda_segundo
Invoking: GCC C++ Linker
g++  -o "eda_segundo"  ./main.o   
Finished building target: eda_segundo
 
14:13:52 **** Incremental Build of configuration Debug for project eda_segundo ****
make all 
Building file: ../main.cpp
Invoking: GCC C++ Compiler
g++ -O0 -g3 -Wall -c -fmessage-length=0 -MMD -MP -MF"main.d" -MT"main.d" -o "main.o" "../main.cpp"
Finished building: ../main.cpp
 
Building target: eda_segundo
Invoking: GCC C++ Linker
g++  -o "eda_segundo"  ./main.o   
Finished building target: eda_segundo
 
14:14:00 **** Incremental Build of configuration Debug for project eda_segundo ****
make all 
make: No se hace nada para `all'.
14:14:41 **** Incremental Build of configuration Debug for project eda_segundo ****
make all 
make: No se hace nada para `all'.
14:15:21 **** Incremental Build of configuration Debug for project eda_segundo ****
make all 
make: No se hace nada para `all'.
14:16:28 **** Incremental Build of configuration Debug for project eda_segundo ****
make all 
make: No se hace nada para `all'.
14:18:22 **** Incremental Build of configuration Debug for project eda_segundo ****
make all 
Building file: ../main.cpp
Invoking: GCC C++ Compiler
g++ -O0 -g3 -Wall -c -fmessage-length=0 -MMD -MP -MF"main.d" -MT"main.d" -o "main.o" "../main.cpp"
Finished building: ../main.cpp
 
Building target: eda_segundo
Invoking: GCC C++ Linker
g++  -o "eda_segundo"  ./main.o   
Finished building target: eda_segundo
 
14:18:26 **** Incremental Build of configuration Debug for project eda_segundo ****
make all 
make: No se hace nada para `all'.
