04:55:08 **** Build of configuration Debug for project ed84 ****
make all 
Building file: ../main.cpp
Invoking: GCC C++ Compiler
g++ -O0 -g3 -Wall -c -fmessage-length=0 -MMD -MP -MF"main.d" -MT"main.d" -o "main.o" "../main.cpp"
Finished building: ../main.cpp
 
Building target: ed84
Invoking: GCC C++ Linker
g++  -o "ed84"  ./main.o   
Finished building target: ed84
 
05:12:08 **** Incremental Build of configuration Debug for project ed84 ****
make all 
Building file: ../main.cpp
Invoking: GCC C++ Compiler
g++ -O0 -g3 -Wall -c -fmessage-length=0 -MMD -MP -MF"main.d" -MT"main.d" -o "main.o" "../main.cpp"
../main.cpp:263:1: error: expected declaration before ‘}’ token
make: *** [main.o] Error 1
05:12:20 **** Incremental Build of configuration Debug for project ed84 ****
make all 
Building file: ../main.cpp
Invoking: GCC C++ Compiler
g++ -O0 -g3 -Wall -c -fmessage-length=0 -MMD -MP -MF"main.d" -MT"main.d" -o "main.o" "../main.cpp"
../main.cpp:263:1: error: expected declaration before ‘}’ token
make: *** [main.o] Error 1
05:12:28 **** Incremental Build of configuration Debug for project ed84 ****
make all 
Building file: ../main.cpp
Invoking: GCC C++ Compiler
g++ -O0 -g3 -Wall -c -fmessage-length=0 -MMD -MP -MF"main.d" -MT"main.d" -o "main.o" "../main.cpp"
../main.cpp: In function ‘int main()’:
../main.cpp:272:29: error: ‘esEquilibrado’ was not declared in this scope
make: *** [main.o] Error 1
05:12:56 **** Incremental Build of configuration Debug for project ed84 ****
make all 
Building file: ../main.cpp
Invoking: GCC C++ Compiler
g++ -O0 -g3 -Wall -c -fmessage-length=0 -MMD -MP -MF"main.d" -MT"main.d" -o "main.o" "../main.cpp"
Finished building: ../main.cpp
 
Building target: ed84
Invoking: GCC C++ Linker
g++  -o "ed84"  ./main.o   
Finished building target: ed84
 
05:27:55 **** Incremental Build of configuration Debug for project ed84 ****
make all 
Building file: ../main.cpp
Invoking: GCC C++ Compiler
g++ -O0 -g3 -Wall -c -fmessage-length=0 -MMD -MP -MF"main.d" -MT"main.d" -o "main.o" "../main.cpp"
../main.cpp: In function ‘bool esEquilibrado(std::string)’:
../main.cpp:271:32: warning: comparison between signed and unsigned integer expressions [-Wsign-compare]
../main.cpp:276:7: error: case label does not reduce to an integer constant
../main.cpp:278:7: error: case label does not reduce to an integer constant
../main.cpp:280:6: error: case label does not reduce to an integer constant
../main.cpp:282:6: error: case label does not reduce to an integer constant
../main.cpp:284:6: error: case label does not reduce to an integer constant
../main.cpp:286:6: error: case label does not reduce to an integer constant
make: *** [main.o] Error 1
05:31:24 **** Incremental Build of configuration Debug for project ed84 ****
make all 
Building file: ../main.cpp
Invoking: GCC C++ Compiler
g++ -O0 -g3 -Wall -c -fmessage-length=0 -MMD -MP -MF"main.d" -MT"main.d" -o "main.o" "../main.cpp"
../main.cpp: In function ‘bool esEquilibrado(std::string)’:
../main.cpp:271:32: warning: comparison between signed and unsigned integer expressions [-Wsign-compare]
Finished building: ../main.cpp
 
Building target: ed84
Invoking: GCC C++ Linker
g++  -o "ed84"  ./main.o   
Finished building target: ed84
 
05:31:46 **** Incremental Build of configuration Debug for project ed84 ****
make all 
make: No se hace nada para `all'.
05:31:49 **** Incremental Build of configuration Debug for project ed84 ****
make all 
make: No se hace nada para `all'.
05:32:38 **** Incremental Build of configuration Debug for project ed84 ****
make all 
Building file: ../main.cpp
Invoking: GCC C++ Compiler
g++ -O0 -g3 -Wall -c -fmessage-length=0 -MMD -MP -MF"main.d" -MT"main.d" -o "main.o" "../main.cpp"
../main.cpp: In function ‘bool esEquilibrado(std::string)’:
../main.cpp:271:32: warning: comparison between signed and unsigned integer expressions [-Wsign-compare]
Finished building: ../main.cpp
 
Building target: ed84
Invoking: GCC C++ Linker
g++  -o "ed84"  ./main.o   
Finished building target: ed84
 
05:34:39 **** Incremental Build of configuration Debug for project ed84 ****
make all 
make: No se hace nada para `all'.
05:38:06 **** Incremental Build of configuration Debug for project ed84 ****
make all 
Building file: ../main.cpp
Invoking: GCC C++ Compiler
g++ -O0 -g3 -Wall -c -fmessage-length=0 -MMD -MP -MF"main.d" -MT"main.d" -o "main.o" "../main.cpp"
../main.cpp: In function ‘bool esEquilibrado(std::string)’:
../main.cpp:265:20: error: cannot convert ‘std::basic_string<_CharT, _Traits, _Alloc>::empty<char, std::char_traits<char>, std::allocator<char> >’ from type ‘bool (std::basic_string<char>::)()const’ to type ‘bool’
../main.cpp:272:32: warning: comparison between signed and unsigned integer expressions [-Wsign-compare]
make: *** [main.o] Error 1
05:38:18 **** Incremental Build of configuration Debug for project ed84 ****
make all 
Building file: ../main.cpp
Invoking: GCC C++ Compiler
g++ -O0 -g3 -Wall -c -fmessage-length=0 -MMD -MP -MF"main.d" -MT"main.d" -o "main.o" "../main.cpp"
../main.cpp: In function ‘bool esEquilibrado(std::string)’:
../main.cpp:272:32: warning: comparison between signed and unsigned integer expressions [-Wsign-compare]
Finished building: ../main.cpp
 
Building target: ed84
Invoking: GCC C++ Linker
g++  -o "ed84"  ./main.o   
Finished building target: ed84
 
05:41:15 **** Incremental Build of configuration Debug for project ed84 ****
make all 
Building file: ../main.cpp
Invoking: GCC C++ Compiler
g++ -O0 -g3 -Wall -c -fmessage-length=0 -MMD -MP -MF"main.d" -MT"main.d" -o "main.o" "../main.cpp"
../main.cpp: In function ‘bool esEquilibrado(std::string)’:
../main.cpp:272:32: warning: comparison between signed and unsigned integer expressions [-Wsign-compare]
Finished building: ../main.cpp
 
Building target: ed84
Invoking: GCC C++ Linker
g++  -o "ed84"  ./main.o   
Finished building target: ed84
 
05:42:35 **** Incremental Build of configuration Debug for project ed84 ****
make all 
Building file: ../main.cpp
Invoking: GCC C++ Compiler
g++ -O0 -g3 -Wall -c -fmessage-length=0 -MMD -MP -MF"main.d" -MT"main.d" -o "main.o" "../main.cpp"
../main.cpp: In function ‘bool esEquilibrado(std::string)’:
../main.cpp:272:32: warning: comparison between signed and unsigned integer expressions [-Wsign-compare]
Finished building: ../main.cpp
 
Building target: ed84
Invoking: GCC C++ Linker
g++  -o "ed84"  ./main.o   
Finished building target: ed84
 
05:43:12 **** Incremental Build of configuration Debug for project ed84 ****
make all 
make: No se hace nada para `all'.
05:47:19 **** Incremental Build of configuration Debug for project ed84 ****
make all 
Building file: ../main.cpp
Invoking: GCC C++ Compiler
g++ -O0 -g3 -Wall -c -fmessage-length=0 -MMD -MP -MF"main.d" -MT"main.d" -o "main.o" "../main.cpp"
../main.cpp: In function ‘bool esEquilibrado(std::string)’:
../main.cpp:272:32: warning: comparison between signed and unsigned integer expressions [-Wsign-compare]
Finished building: ../main.cpp
 
Building target: ed84
Invoking: GCC C++ Linker
g++  -o "ed84"  ./main.o   
Finished building target: ed84
 
05:49:31 **** Incremental Build of configuration Debug for project ed84 ****
make all 
Building file: ../main.cpp
Invoking: GCC C++ Compiler
g++ -O0 -g3 -Wall -c -fmessage-length=0 -MMD -MP -MF"main.d" -MT"main.d" -o "main.o" "../main.cpp"
../main.cpp: In function ‘bool esEquilibrado(std::string)’:
../main.cpp:24:32: warning: comparison between signed and unsigned integer expressions [-Wsign-compare]
Finished building: ../main.cpp
 
Building target: ed84
Invoking: GCC C++ Linker
g++  -o "ed84"  ./main.o   
Finished building target: ed84
 
05:49:36 **** Incremental Build of configuration Debug for project ed84 ****
make all 
make: No se hace nada para `all'.
05:49:53 **** Incremental Build of configuration Debug for project ed84 ****
make all 
make: No se hace nada para `all'.
06:00:24 **** Incremental Build of configuration Debug for project ed84 ****
make all 
Building file: ../main.cpp
Invoking: GCC C++ Compiler
g++ -O0 -g3 -Wall -c -fmessage-length=0 -MMD -MP -MF"main.d" -MT"main.d" -o "main.o" "../main.cpp"
../main.cpp: In function ‘bool esEquilibrado(std::string)’:
../main.cpp:24:32: warning: comparison between signed and unsigned integer expressions [-Wsign-compare]
Finished building: ../main.cpp
 
Building target: ed84
Invoking: GCC C++ Linker
g++  -o "ed84"  ./main.o   
Finished building target: ed84
 
06:01:54 **** Incremental Build of configuration Debug for project ed84 ****
make all 
make: No se hace nada para `all'.
06:01:54 **** Incremental Build of configuration Debug for project ed84 ****
make all 
make: No se hace nada para `all'.
06:25:39 **** Incremental Build of configuration Debug for project ed84 ****
make all 
Building file: ../main.cpp
Invoking: GCC C++ Compiler
g++ -O0 -g3 -Wall -c -fmessage-length=0 -MMD -MP -MF"main.d" -MT"main.d" -o "main.o" "../main.cpp"
../main.cpp: In function ‘bool esEquilibrado(std::string)’:
../main.cpp:271:32: warning: comparison between signed and unsigned integer expressions [-Wsign-compare]
../main.cpp:273:12: error: ‘std::string’ has no member named ‘push’
../main.cpp:276:23: error: expected ‘)’ before ‘return’
../main.cpp:276:36: error: expected primary-expression before ‘)’ token
../main.cpp:276:36: error: expected ‘;’ before ‘)’ token
../main.cpp:278:3: error: expected ‘}’ before ‘else’
../main.cpp:280:2: warning: no return statement in function returning non-void [-Wreturn-type]
../main.cpp: At global scope:
../main.cpp:281:1: error: expected unqualified-id before ‘return’
../main.cpp:282:1: error: expected declaration before ‘}’ token
make: *** [main.o] Error 1
06:26:08 **** Incremental Build of configuration Debug for project ed84 ****
make all 
Building file: ../main.cpp
Invoking: GCC C++ Compiler
g++ -O0 -g3 -Wall -c -fmessage-length=0 -MMD -MP -MF"main.d" -MT"main.d" -o "main.o" "../main.cpp"
../main.cpp: In function ‘bool esEquilibrado(std::string)’:
../main.cpp:271:32: warning: comparison between signed and unsigned integer expressions [-Wsign-compare]
../main.cpp:276:23: error: expected ‘)’ before ‘return’
../main.cpp:276:36: error: expected primary-expression before ‘)’ token
../main.cpp:276:36: error: expected ‘;’ before ‘)’ token
../main.cpp:278:3: error: expected ‘}’ before ‘else’
../main.cpp:280:2: warning: no return statement in function returning non-void [-Wreturn-type]
../main.cpp: At global scope:
../main.cpp:281:1: error: expected unqualified-id before ‘return’
../main.cpp:282:1: error: expected declaration before ‘}’ token
make: *** [main.o] Error 1
06:26:24 **** Incremental Build of configuration Debug for project ed84 ****
make all 
Building file: ../main.cpp
Invoking: GCC C++ Compiler
g++ -O0 -g3 -Wall -c -fmessage-length=0 -MMD -MP -MF"main.d" -MT"main.d" -o "main.o" "../main.cpp"
../main.cpp: In function ‘bool esEquilibrado(std::string)’:
../main.cpp:271:32: warning: comparison between signed and unsigned integer expressions [-Wsign-compare]
../main.cpp:277:47: error: expected ‘)’ before ‘return’
make: *** [main.o] Error 1
06:26:32 **** Incremental Build of configuration Debug for project ed84 ****
make all 
Building file: ../main.cpp
Invoking: GCC C++ Compiler
g++ -O0 -g3 -Wall -c -fmessage-length=0 -MMD -MP -MF"main.d" -MT"main.d" -o "main.o" "../main.cpp"
../main.cpp: In function ‘bool esEquilibrado(std::string)’:
../main.cpp:271:32: warning: comparison between signed and unsigned integer expressions [-Wsign-compare]
Finished building: ../main.cpp
 
Building target: ed84
Invoking: GCC C++ Linker
g++  -o "ed84"  ./main.o   
Finished building target: ed84
 
06:26:38 **** Incremental Build of configuration Debug for project ed84 ****
make all 
make: No se hace nada para `all'.
06:27:41 **** Incremental Build of configuration Debug for project ed84 ****
make all 
Building file: ../main.cpp
Invoking: GCC C++ Compiler
g++ -O0 -g3 -Wall -c -fmessage-length=0 -MMD -MP -MF"main.d" -MT"main.d" -o "main.o" "../main.cpp"
../main.cpp: In function ‘bool esEquilibrado(std::string)’:
../main.cpp:271:32: warning: comparison between signed and unsigned integer expressions [-Wsign-compare]
Finished building: ../main.cpp
 
Building target: ed84
Invoking: GCC C++ Linker
g++  -o "ed84"  ./main.o   
Finished building target: ed84
 
06:27:46 **** Incremental Build of configuration Debug for project ed84 ****
make all 
make: No se hace nada para `all'.
